[2023-05-29 00:04:52] INFO root fetch - main [MainThread]: Get Changelog since Serial: [18283767]
[2023-05-29 00:04:57] INFO root fetch - main [MainThread]: Found 7 changed packages
[2023-05-29 00:04:57] INFO root fetch - processPackages [ThreadPoolExecutor-0_0]: Start processing: baichat-py
[2023-05-29 00:04:57] INFO root fetch - processPackages [ThreadPoolExecutor-0_1]: Start processing: berens-neat
[2023-05-29 00:04:57] INFO root fetch - processPackages [ThreadPoolExecutor-0_2]: Start processing: vanty
[2023-05-29 00:04:57] INFO root fetch - processPackages [ThreadPoolExecutor-0_3]: Start processing: twscrape
[2023-05-29 00:04:57] INFO root fetch - processPackages [ThreadPoolExecutor-0_4]: Start processing: noisyenv
[2023-05-29 00:04:57] INFO root fetch - processPackages [ThreadPoolExecutor-0_5]: Start processing: cpggen
[2023-05-29 00:04:57] INFO root fetch - processPackages [ThreadPoolExecutor-0_6]: Start processing: daba
[2023-05-29 00:04:57] INFO root fetch - processPackages [twscrape]: New version: [0.2.0] Old Version: [0.1.1]
[2023-05-29 00:04:57] INFO root fetch - processPackages [baichat-py]: New version: [0.3.0] Old Version: [0.2.2]
[2023-05-29 00:04:57] INFO root fetch - processPackages [vanty]: New version: [0.0.6] Old Version: [0.0.5]
[2023-05-29 00:04:57] INFO root fetch - processPackages [daba]: New version: [0.0.6] Old Version: [0.0.5]
[2023-05-29 00:04:57] INFO root fetch - processPackages [cpggen]: New version: [1.3.1] Old Version: [1.3.0]
[2023-05-29 00:04:57] INFO root fetch - processPackages [berens-neat]: New version: [0.1.2] Old Version: [0.1.1]
[2023-05-29 00:04:57] WARNING root fetch - processPackages [noisyenv]: Skipping, unable to determine old version
[2023-05-29 00:04:57] INFO root fetch - main [MainThread]: End processing [noisyenv] error
[2023-05-29 00:04:57] INFO root fetch - processPackages [twscrape]: Downloading https://files.pythonhosted.org/packages/da/65/4dcc12c4ad03a7f80bff970f5300fe9e6296d3ce3b3c5d77b30a2c00c765/twscrape-0.1.1.tar.gz
[2023-05-29 00:04:57] INFO root fetch - processPackages [cpggen]: Downloading https://files.pythonhosted.org/packages/57/f0/25ec5a5ac87e8efab83373cafbd4cd257a0a346e7738ea468d2bbd209704/cpggen-1.3.0.tar.gz
[2023-05-29 00:04:57] WARNING root fetch - processPackages [cpggen]: Skipping package: exceeds size limit 72045094>=10485760
[2023-05-29 00:04:57] INFO root fetch - main [MainThread]: End processing [cpggen] error
[2023-05-29 00:04:57] INFO root fetch - processPackages [vanty]: Downloading https://files.pythonhosted.org/packages/6b/2e/bc1e586bc97e29dc32a834cf9789f48e33a7ed66453188f4b5aa788563dd/vanty-0.0.6.tar.gz
[2023-05-29 00:04:57] INFO root fetch - processPackages [berens-neat]: Downloading https://files.pythonhosted.org/packages/75/2e/8bfb3e31249e0c8ab36d119eb1e28e0dcc3eb99cc47a4eb649187429d686/berens-neat-0.1.2.tar.gz
[2023-05-29 00:04:57] INFO root fetch - processPackages [berens-neat]: executing diffoscope
[2023-05-29 00:04:57] INFO root fetch - processPackages [berens-neat]: podman run --user 0:0 --rm -w /home/abi/fetcher -v /home/abi/fetcher/tmp:/home/abi/fetcher/tmp:ro -v /home/abi/fetcher/20230529:/home/abi/fetcher/20230529:rw registry.salsa.debian.org/reproducible-builds/diffoscope --no-progress tmp/berens-neat-0.1.1.tar.gz tmp/berens-neat-0.1.2.tar.gz --markdown 20230529/b/berens-neat/0.1.1-0.1.2/diff.md --exclude *.pyd
[2023-05-29 00:04:57] INFO root fetch - processPackages [daba]: Downloading https://files.pythonhosted.org/packages/c5/cd/53924737a3d8b3bdc53fcbeda6b36eb52a762db5566b1c76fddaeb4645fe/daba-0.0.6.tar.gz
[2023-05-29 00:04:57] INFO root fetch - processPackages [baichat-py]: Downloading https://files.pythonhosted.org/packages/c8/01/1d4e827b5a3555d9c9a5c035d00a9d0bb84d121b6625772abbc09e35574a/baichat_py-0.3.0.tar.gz
[2023-05-29 00:04:57] INFO root fetch - processPackages [vanty]: executing diffoscope
[2023-05-29 00:04:57] INFO root fetch - processPackages [vanty]: podman run --user 0:0 --rm -w /home/abi/fetcher -v /home/abi/fetcher/tmp:/home/abi/fetcher/tmp:ro -v /home/abi/fetcher/20230529:/home/abi/fetcher/20230529:rw registry.salsa.debian.org/reproducible-builds/diffoscope --no-progress tmp/vanty-0.0.5.tar.gz tmp/vanty-0.0.6.tar.gz --markdown 20230529/v/vanty/0.0.5-0.0.6/diff.md --exclude *.pyd
[2023-05-29 00:04:57] INFO root fetch - processPackages [baichat-py]: executing diffoscope
[2023-05-29 00:04:57] INFO root fetch - processPackages [baichat-py]: podman run --user 0:0 --rm -w /home/abi/fetcher -v /home/abi/fetcher/tmp:/home/abi/fetcher/tmp:ro -v /home/abi/fetcher/20230529:/home/abi/fetcher/20230529:rw registry.salsa.debian.org/reproducible-builds/diffoscope --no-progress tmp/baichat_py-0.2.2.tar.gz tmp/baichat_py-0.3.0.tar.gz --markdown 20230529/b/baichat-py/0.2.2-0.3.0/diff.md --exclude *.pyd
[2023-05-29 00:04:57] INFO root fetch - processPackages [twscrape]: Downloading https://files.pythonhosted.org/packages/73/68/bdcf3594072c83ac27b9ba403959429529a8e40fa3463b542ea4c3c40b84/twscrape-0.2.0.tar.gz
[2023-05-29 00:04:57] INFO root fetch - processPackages [daba]: executing diffoscope
[2023-05-29 00:04:57] INFO root fetch - processPackages [daba]: podman run --user 0:0 --rm -w /home/abi/fetcher -v /home/abi/fetcher/tmp:/home/abi/fetcher/tmp:ro -v /home/abi/fetcher/20230529:/home/abi/fetcher/20230529:rw registry.salsa.debian.org/reproducible-builds/diffoscope --no-progress tmp/daba-0.0.5.tar.gz tmp/daba-0.0.6.tar.gz --markdown 20230529/d/daba/0.0.5-0.0.6/diff.md --exclude *.pyd
[2023-05-29 00:04:58] INFO root fetch - processPackages [twscrape]: executing diffoscope
[2023-05-29 00:04:58] INFO root fetch - processPackages [twscrape]: podman run --user 0:0 --rm -w /home/abi/fetcher -v /home/abi/fetcher/tmp:/home/abi/fetcher/tmp:ro -v /home/abi/fetcher/20230529:/home/abi/fetcher/20230529:rw registry.salsa.debian.org/reproducible-builds/diffoscope --no-progress tmp/twscrape-0.1.1.tar.gz tmp/twscrape-0.2.0.tar.gz --markdown 20230529/t/twscrape/0.1.1-0.2.0/diff.md --exclude *.pyd
[2023-05-29 00:04:58] INFO root fetch - main [MainThread]: End processing [baichat-py]: success
[2023-05-29 00:04:59] INFO root fetch - main [MainThread]: End processing [vanty]: success
[2023-05-29 00:04:59] INFO root fetch - main [MainThread]: End processing [berens-neat]: success
[2023-05-29 00:04:59] INFO root fetch - main [MainThread]: End processing [daba]: success
[2023-05-29 00:04:59] INFO root fetch - main [MainThread]: End processing [twscrape]: success
[2023-05-29 00:04:59] INFO root fetch - main [MainThread]: Store serial: [18283790]
[2023-05-29 00:10:02] INFO root fetch - main [MainThread]: Get Changelog since Serial: [18283790]
[2023-05-29 00:10:07] INFO root fetch - main [MainThread]: Found 9 changed packages
[2023-05-29 00:10:07] INFO root fetch - processPackages [ThreadPoolExecutor-0_0]: Start processing: Windows-Custom-File-Searcher
[2023-05-29 00:10:07] INFO root fetch - processPackages [ThreadPoolExecutor-0_1]: Start processing: github3-utils
[2023-05-29 00:10:07] INFO root fetch - processPackages [ThreadPoolExecutor-0_2]: Start processing: shenko
[2023-05-29 00:10:07] INFO root fetch - processPackages [ThreadPoolExecutor-0_3]: Start processing: pdfdataprocess
[2023-05-29 00:10:07] INFO root fetch - processPackages [ThreadPoolExecutor-0_4]: Start processing: hordelib
[2023-05-29 00:10:07] INFO root fetch - processPackages [ThreadPoolExecutor-0_5]: Start processing: strictdoc
[2023-05-29 00:10:07] INFO root fetch - processPackages [ThreadPoolExecutor-0_6]: Start processing: distill-trainer
[2023-05-29 00:10:07] INFO root fetch - processPackages [ThreadPoolExecutor-0_7]: Start processing: Twitch-Edog0049a
[2023-05-29 00:10:07] INFO root fetch - processPackages [ThreadPoolExecutor-0_8]: Start processing: pyzoom
[2023-05-29 00:10:07] WARNING root fetch - processPackages [Windows-Custom-File-Searcher]: Skipping, unable to determine old version
[2023-05-29 00:10:07] INFO root fetch - main [MainThread]: End processing [Windows-Custom-File-Searcher] error
[2023-05-29 00:10:08] INFO root fetch - processPackages [pyzoom]: New version: [1.0.2] Old Version: [1.0.1]
[2023-05-29 00:10:08] WARNING root fetch - processPackages [distill-trainer]: Skipping, unable to determine old version
[2023-05-29 00:10:08] INFO root fetch - main [MainThread]: End processing [distill-trainer] error
[2023-05-29 00:10:08] INFO root fetch - processPackages [github3-utils]: New version: [0.7.1] Old Version: [0.7.0]
[2023-05-29 00:10:08] WARNING root fetch - processPackages [Twitch-Edog0049a]: Skipping, unable to determine old version
[2023-05-29 00:10:08] INFO root fetch - main [MainThread]: End processing [Twitch-Edog0049a] error
[2023-05-29 00:10:08] INFO root fetch - processPackages [strictdoc]: New version: [0.0.9] Old Version: [0.0.8]
[2023-05-29 00:10:08] INFO root fetch - processPackages [shenko]: New version: [0.1.8] Old Version: [0.1.7]
[2023-05-29 00:10:08] WARNING root fetch - processPackages [pdfdataprocess]: Skipping, unable to determine old version
[2023-05-29 00:10:08] INFO root fetch - processPackages [pyzoom]: executing diffoscope
[2023-05-29 00:10:08] INFO root fetch - main [MainThread]: End processing [pdfdataprocess] error
[2023-05-29 00:10:08] INFO root fetch - processPackages [pyzoom]: podman run --user 0:0 --rm -w /home/abi/fetcher -v /home/abi/fetcher/tmp:/home/abi/fetcher/tmp:ro -v /home/abi/fetcher/20230529:/home/abi/fetcher/20230529:rw registry.salsa.debian.org/reproducible-builds/diffoscope --no-progress tmp/pyzoom-1.0.1.tar.gz tmp/pyzoom-1.0.2.tar.gz --markdown 20230529/p/pyzoom/1.0.1-1.0.2/diff.md --exclude *.pyd
[2023-05-29 00:10:08] INFO root fetch - processPackages [hordelib]: New version: [1.3.9] Old Version: [1.3.8]
[2023-05-29 00:10:08] INFO root fetch - processPackages [strictdoc]: executing diffoscope
[2023-05-29 00:10:08] INFO root fetch - processPackages [strictdoc]: podman run --user 0:0 --rm -w /home/abi/fetcher -v /home/abi/fetcher/tmp:/home/abi/fetcher/tmp:ro -v /home/abi/fetcher/20230529:/home/abi/fetcher/20230529:rw registry.salsa.debian.org/reproducible-builds/diffoscope --no-progress tmp/strictdoc-0.0.8.tar.gz tmp/strictdoc-0.0.9.tar.gz --markdown 20230529/s/strictdoc/0.0.8-0.0.9/diff.md --exclude *.pyd
[2023-05-29 00:10:08] INFO root fetch - processPackages [github3-utils]: Downloading https://files.pythonhosted.org/packages/0c/b6/3fe765a424ce312739ea190c34a490086ed78e0ce8661b9bafa9ff339adb/github3_utils-0.7.0.tar.gz
[2023-05-29 00:10:08] INFO root fetch - processPackages [hordelib]: Downloading https://files.pythonhosted.org/packages/aa/58/2d094bcf9be9087e7fe69dc16b5c5797b84d4269bad6f5b2979582c605f3/hordelib-1.3.8.tar.gz
[2023-05-29 00:10:08] WARNING root fetch - processPackages [hordelib]: Skipping package: exceeds size limit 52357531>=10485760
[2023-05-29 00:10:08] INFO root fetch - main [MainThread]: End processing [hordelib] error
[2023-05-29 00:10:08] INFO root fetch - processPackages [shenko]: executing diffoscope
[2023-05-29 00:10:08] INFO root fetch - processPackages [shenko]: podman run --user 0:0 --rm -w /home/abi/fetcher -v /home/abi/fetcher/tmp:/home/abi/fetcher/tmp:ro -v /home/abi/fetcher/20230529:/home/abi/fetcher/20230529:rw registry.salsa.debian.org/reproducible-builds/diffoscope --no-progress tmp/shenko-0.1.7.tar.gz tmp/shenko-0.1.8-py2.py3-none-any.whl.zip --markdown 20230529/s/shenko/0.1.7-0.1.8/diff.md --exclude *.pyd
[2023-05-29 00:10:08] INFO root fetch - processPackages [github3-utils]: Downloading https://files.pythonhosted.org/packages/e6/48/4b0a6a3559043eba0d31ecf609c566862f4348b5adb4cb0813ddfb3a4466/github3_utils-0.7.1.tar.gz
[2023-05-29 00:10:08] INFO root fetch - processPackages [github3-utils]: executing diffoscope
[2023-05-29 00:10:08] INFO root fetch - processPackages [github3-utils]: podman run --user 0:0 --rm -w /home/abi/fetcher -v /home/abi/fetcher/tmp:/home/abi/fetcher/tmp:ro -v /home/abi/fetcher/20230529:/home/abi/fetcher/20230529:rw registry.salsa.debian.org/reproducible-builds/diffoscope --no-progress tmp/github3_utils-0.7.0.tar.gz tmp/github3_utils-0.7.1.tar.gz --markdown 20230529/g/github3-utils/0.7.0-0.7.1/diff.md --exclude *.pyd
[2023-05-29 00:10:09] INFO root fetch - main [MainThread]: End processing [pyzoom]: success
[2023-05-29 00:10:09] INFO root fetch - main [MainThread]: End processing [shenko]: success
[2023-05-29 00:10:09] INFO root fetch - main [MainThread]: End processing [github3-utils]: success
[2023-05-29 00:10:58] INFO root fetch - main [MainThread]: End processing [strictdoc]: success
[2023-05-29 00:10:58] INFO root fetch - main [MainThread]: Store serial: [18283830]
[2023-05-29 00:16:02] INFO root fetch - main [MainThread]: Get Changelog since Serial: [18283830]
[2023-05-29 00:16:07] INFO root fetch - main [MainThread]: Found 5 changed packages
[2023-05-29 00:16:07] INFO root fetch - processPackages [ThreadPoolExecutor-0_0]: Start processing: pyDynamicRoutingUpdater
[2023-05-29 00:16:07] INFO root fetch - processPackages [ThreadPoolExecutor-0_1]: Start processing: windmill-api
[2023-05-29 00:16:07] INFO root fetch - processPackages [ThreadPoolExecutor-0_2]: Start processing: wmill
[2023-05-29 00:16:07] INFO root fetch - processPackages [ThreadPoolExecutor-0_3]: Start processing: wmill-pg
[2023-05-29 00:16:07] INFO root fetch - processPackages [ThreadPoolExecutor-0_4]: Start processing: adbkit
[2023-05-29 00:16:07] INFO root fetch - processPackages [wmill-pg]: New version: [1.99.0] Old Version: [1.98.0]
[2023-05-29 00:16:07] INFO root fetch - processPackages [pyDynamicRoutingUpdater]: New version: [0.0.4] Old Version: [0.0.3]
[2023-05-29 00:16:07] INFO root fetch - processPackages [wmill]: New version: [1.99.0] Old Version: [1.98.0]
[2023-05-29 00:16:07] INFO root fetch - processPackages [windmill-api]: New version: [1.99.0] Old Version: [1.98.0]
[2023-05-29 00:16:07] INFO root fetch - processPackages [adbkit]: New version: [0.19] Old Version: [0.18]
[2023-05-29 00:16:07] INFO root fetch - processPackages [pyDynamicRoutingUpdater]: Downloading https://files.pythonhosted.org/packages/40/bf/254635e33f671875f04267d3405ce273be8e52d1dfa8312ef44331703ea3/pyDynamicRoutingUpdater-0.0.3.tar.gz
[2023-05-29 00:16:07] INFO root fetch - processPackages [adbkit]: Downloading https://files.pythonhosted.org/packages/24/0d/9753ad9636c19096b5ce519c35fa97a6e98eccc3811bebda474b801c810f/adbkit-0.19.tar.gz
[2023-05-29 00:16:07] INFO root fetch - processPackages [wmill-pg]: executing diffoscope
[2023-05-29 00:16:07] INFO root fetch - processPackages [wmill-pg]: podman run --user 0:0 --rm -w /home/abi/fetcher -v /home/abi/fetcher/tmp:/home/abi/fetcher/tmp:ro -v /home/abi/fetcher/20230529:/home/abi/fetcher/20230529:rw registry.salsa.debian.org/reproducible-builds/diffoscope --no-progress tmp/wmill_pg-1.98.0.tar.gz tmp/wmill_pg-1.99.0.tar.gz --markdown 20230529/w/wmill-pg/1.98.0-1.99.0/diff.md --exclude *.pyd
[2023-05-29 00:16:07] INFO root fetch - processPackages [wmill]: executing diffoscope
[2023-05-29 00:16:07] INFO root fetch - processPackages [adbkit]: executing diffoscope
[2023-05-29 00:16:07] INFO root fetch - processPackages [wmill]: podman run --user 0:0 --rm -w /home/abi/fetcher -v /home/abi/fetcher/tmp:/home/abi/fetcher/tmp:ro -v /home/abi/fetcher/20230529:/home/abi/fetcher/20230529:rw registry.salsa.debian.org/reproducible-builds/diffoscope --no-progress tmp/wmill-1.98.0.tar.gz tmp/wmill-1.99.0.tar.gz --markdown 20230529/w/wmill/1.98.0-1.99.0/diff.md --exclude *.pyd
[2023-05-29 00:16:07] INFO root fetch - processPackages [adbkit]: podman run --user 0:0 --rm -w /home/abi/fetcher -v /home/abi/fetcher/tmp:/home/abi/fetcher/tmp:ro -v /home/abi/fetcher/20230529:/home/abi/fetcher/20230529:rw registry.salsa.debian.org/reproducible-builds/diffoscope --no-progress tmp/adbkit-0.18.tar.gz tmp/adbkit-0.19.tar.gz --markdown 20230529/a/adbkit/0.18-0.19/diff.md --exclude *.pyd
[2023-05-29 00:16:08] INFO root fetch - processPackages [pyDynamicRoutingUpdater]: Downloading https://files.pythonhosted.org/packages/c1/1d/c5ed4e2261b8c014244975a9abdfa670c29c0b76a39823e3fbdf8b5ef428/pyDynamicRoutingUpdater-0.0.4.tar.gz
[2023-05-29 00:16:08] INFO root fetch - processPackages [windmill-api]: executing diffoscope
[2023-05-29 00:16:08] INFO root fetch - processPackages [windmill-api]: podman run --user 0:0 --rm -w /home/abi/fetcher -v /home/abi/fetcher/tmp:/home/abi/fetcher/tmp:ro -v /home/abi/fetcher/20230529:/home/abi/fetcher/20230529:rw registry.salsa.debian.org/reproducible-builds/diffoscope --no-progress tmp/windmill_api-1.98.0.tar.gz tmp/windmill_api-1.99.0.tar.gz --markdown 20230529/w/windmill-api/1.98.0-1.99.0/diff.md --exclude *.pyd
[2023-05-29 00:16:08] INFO root fetch - processPackages [pyDynamicRoutingUpdater]: executing diffoscope
[2023-05-29 00:16:08] INFO root fetch - processPackages [pyDynamicRoutingUpdater]: podman run --user 0:0 --rm -w /home/abi/fetcher -v /home/abi/fetcher/tmp:/home/abi/fetcher/tmp:ro -v /home/abi/fetcher/20230529:/home/abi/fetcher/20230529:rw registry.salsa.debian.org/reproducible-builds/diffoscope --no-progress tmp/pyDynamicRoutingUpdater-0.0.3.tar.gz tmp/pyDynamicRoutingUpdater-0.0.4.tar.gz --markdown 20230529/p/pyDynamicRoutingUpdater/0.0.3-0.0.4/diff.md --exclude *.pyd
[2023-05-29 00:16:08] INFO root fetch - main [MainThread]: End processing [wmill-pg]: success
[2023-05-29 00:16:09] INFO root fetch - main [MainThread]: End processing [wmill]: success
[2023-05-29 00:16:09] INFO root fetch - main [MainThread]: End processing [pyDynamicRoutingUpdater]: success
[2023-05-29 00:16:09] INFO root fetch - main [MainThread]: End processing [adbkit]: success
[2023-05-29 00:16:24] INFO root fetch - main [MainThread]: End processing [windmill-api]: success
[2023-05-29 00:16:24] INFO root fetch - main [MainThread]: Store serial: [18283850]
